qr-ticket-scanner-android/app/build/intermediates/manifest_merge_blame_file/release/processReleaseMainManifest/manifest-merger-blame-release-report.txt
1<?xml version="1.0" encoding="utf-8"?>
2<manifest xmlns:android="http://schemas.android.com/apk/res/android"
3    package="kz.zhassahna.ticketscanner"
4    android:versionCode="1"
5    android:versionName="1.0" >
6
7    <uses-sdk
8        android:minSdkVersion="26"
9        android:targetSdkVersion="35" />
10
11    <uses-permission android:name="android.permission.CAMERA" />
11-->src\main\AndroidManifest.xml:3:5-65
11-->src\main\AndroidManifest.xml:3:22-62
12    <uses-permission android:name="android.permission.INTERNET" />
12-->src\main\AndroidManifest.xml:4:5-67
12-->src\main\AndroidManifest.xml:4:22-64
13
14    <permission
14-->[androidx.core:core:1.13.1] AndroidManifest.xml:22:5-24:47
15        android:name="kz.zhassahna.ticketscanner.DYNAMIC_RECEIVER_NOT_EXPORTED_PERMISSION"
15-->[androidx.core:core:1.13.1] AndroidManifest.xml:23:9-81
16        android:protectionLevel="signature" />
16-->[androidx.core:core:1.13.1] AndroidManifest.xml:24:9-44
17
18    <uses-permission android:name="kz.zhassahna.ticketscanner.DYNAMIC_RECEIVER_NOT_EXPORTED_PERMISSION" /> <!-- Although the *SdkVersion is captured in gradle build files, this is required for non gradle builds -->
18-->[androidx.core:core:1.13.1] AndroidManifest.xml:26:5-97
18-->[androidx.core:core:1.13.1] AndroidManifest.xml:26:22-94
19    <!-- <uses-sdk android:minSdkVersion="14"/> -->
20    <uses-permission android:name="android.permission.ACCESS_NETWORK_STATE" />
20-->[com.google.android.datatransport:transport-backend-cct:2.3.3] AndroidManifest.xml:25:5-79
20-->[com.google.android.datatransport:transport-backend-cct:2.3.3] AndroidManifest.xml:25:22-76
21
22    <application
22-->src\main\AndroidManifest.xml:6:5-19:19
23        android:allowBackup="false"
23-->src\main\AndroidManifest.xml:7:9-36
24        android:appComponentFactory="androidx.core.app.CoreComponentFactory"
24-->[androidx.core:core:1.13.1] AndroidManifest.xml:28:18-86
25        android:extractNativeLibs="false"
26        android:label="Сканер билетов"
26-->src\main\AndroidManifest.xml:8:9-39
27        android:supportsRtl="true"
27-->src\main\AndroidManifest.xml:9:9-35
28        android:theme="@style/Theme.TicketScanner" >
28-->src\main\AndroidManifest.xml:10:9-51
29        <activity
29-->src\main\AndroidManifest.xml:11:9-18:20
30            android:name="kz.zhassahna.ticketscanner.MainActivity"
30-->src\main\AndroidManifest.xml:12:13-41
31            android:exported="true" >
31-->src\main\AndroidManifest.xml:13:13-36
32            <intent-filter>
32-->src\main\AndroidManifest.xml:14:13-17:29
33                <action android:name="android.intent.action.MAIN" />
33-->src\main\AndroidManifest.xml:15:17-69
33-->src\main\AndroidManifest.xml:15:25-66
34
35                <category android:name="android.intent.category.LAUNCHER" />
35-->src\main\AndroidManifest.xml:16:17-77
35-->src\main\AndroidManifest.xml:16:27-74
36            </intent-filter>
37        </activity>
38        <!--
39        Service for holding metadata. Cannot be instantiated.
40        Metadata will be merged from other manifests.
41        -->
42        <service
42-->[androidx.camera:camera-core:1.4.1] AndroidManifest.xml:29:9-33:78
43            android:name="androidx.camera.core.impl.MetadataHolderService"
43-->[androidx.camera:camera-core:1.4.1] AndroidManifest.xml:30:13-75
44            android:enabled="false"
44-->[androidx.camera:camera-core:1.4.1] AndroidManifest.xml:31:13-36
45            android:exported="false" >
45-->[androidx.camera:camera-core:1.4.1] AndroidManifest.xml:32:13-37
46            <meta-data
46-->[androidx.camera:camera-camera2:1.4.1] AndroidManifest.xml:30:13-32:89
47                android:name="androidx.camera.core.impl.MetadataHolderService.DEFAULT_CONFIG_PROVIDER"
47-->[androidx.camera:camera-camera2:1.4.1] AndroidManifest.xml:31:17-103
48                android:value="androidx.camera.camera2.Camera2Config$DefaultProvider" />
48-->[androidx.camera:camera-camera2:1.4.1] AndroidManifest.xml:32:17-86
49        </service>
50        <service
50-->[com.google.android.gms:play-services-mlkit-barcode-scanning:18.3.1] AndroidManifest.xml:9:9-15:19
51            android:name="com.google.mlkit.common.internal.MlKitComponentDiscoveryService"
51-->[com.google.android.gms:play-services-mlkit-barcode-scanning:18.3.1] AndroidManifest.xml:10:13-91
52            android:directBootAware="true"
52-->[com.google.mlkit:common:18.11.0] AndroidManifest.xml:17:13-43
53            android:exported="false" >
53-->[com.google.android.gms:play-services-mlkit-barcode-scanning:18.3.1] AndroidManifest.xml:11:13-37
54            <meta-data
54-->[com.google.android.gms:play-services-mlkit-barcode-scanning:18.3.1] AndroidManifest.xml:12:13-14:85
55                android:name="com.google.firebase.components:com.google.mlkit.vision.barcode.internal.BarcodeRegistrar"
55-->[com.google.android.gms:play-services-mlkit-barcode-scanning:18.3.1] AndroidManifest.xml:13:17-120
56                android:value="com.google.firebase.components.ComponentRegistrar" />
56-->[com.google.android.gms:play-services-mlkit-barcode-scanning:18.3.1] AndroidManifest.xml:14:17-82
57            <meta-data
57-->[com.google.mlkit:vision-common:17.3.0] AndroidManifest.xml:12:13-14:85
58                android:name="com.google.firebase.components:com.google.mlkit.vision.common.internal.VisionCommonRegistrar"
58-->[com.google.mlkit:vision-common:17.3.0] AndroidManifest.xml:13:17-124
59                android:value="com.google.firebase.components.ComponentRegistrar" />
59-->[com.google.mlkit:vision-common:17.3.0] AndroidManifest.xml:14:17-82
60            <meta-data
60-->[com.google.mlkit:common:18.11.0] AndroidManifest.xml:20:13-22:85
61                android:name="com.google.firebase.components:com.google.mlkit.common.internal.CommonComponentRegistrar"
61-->[com.google.mlkit:common:18.11.0] AndroidManifest.xml:21:17-120
62                android:value="com.google.firebase.components.ComponentRegistrar" />
62-->[com.google.mlkit:common:18.11.0] AndroidManifest.xml:22:17-82
63        </service>
64
65        <provider
65-->[com.google.mlkit:common:18.11.0] AndroidManifest.xml:9:9-13:38
66            android:name="com.google.mlkit.common.internal.MlKitInitProvider"
66-->[com.google.mlkit:common:18.11.0] AndroidManifest.xml:10:13-78
67            android:authorities="kz.zhassahna.ticketscanner.mlkitinitprovider"
67-->[com.google.mlkit:common:18.11.0] AndroidManifest.xml:11:13-69
68            android:exported="false"
68-->[com.google.mlkit:common:18.11.0] AndroidManifest.xml:12:13-37
69            android:initOrder="99" />
69-->[com.google.mlkit:common:18.11.0] AndroidManifest.xml:13:13-35
70
71        <activity
71-->[com.google.android.gms:play-services-base:18.5.0] AndroidManifest.xml:5:9-173
72            android:name="com.google.android.gms.common.api.GoogleApiActivity"
72-->[com.google.android.gms:play-services-base:18.5.0] AndroidManifest.xml:5:19-85
73            android:exported="false"
73-->[com.google.android.gms:play-services-base:18.5.0] AndroidManifest.xml:5:146-170
74            android:theme="@android:style/Theme.Translucent.NoTitleBar" />
74-->[com.google.android.gms:play-services-base:18.5.0] AndroidManifest.xml:5:86-145
75
76        <meta-data
76-->[com.google.android.gms:play-services-basement:18.4.0] AndroidManifest.xml:6:9-122
77            android:name="com.google.android.gms.version"
77-->[com.google.android.gms:play-services-basement:18.4.0] AndroidManifest.xml:6:20-65
78            android:value="@integer/google_play_services_version" />
78-->[com.google.android.gms:play-services-basement:18.4.0] AndroidManifest.xml:6:66-119
79
80        <provider
80-->[androidx.emoji2:emoji2:1.3.0] AndroidManifest.xml:24:9-32:20
81            android:name="androidx.startup.InitializationProvider"
81-->[androidx.emoji2:emoji2:1.3.0] AndroidManifest.xml:25:13-67
82            android:authorities="kz.zhassahna.ticketscanner.androidx-startup"
82-->[androidx.emoji2:emoji2:1.3.0] AndroidManifest.xml:26:13-68
83            android:exported="false" >
83-->[androidx.emoji2:emoji2:1.3.0] AndroidManifest.xml:27:13-37
84            <meta-data
84-->[androidx.emoji2:emoji2:1.3.0] AndroidManifest.xml:29:13-31:52
85                android:name="androidx.emoji2.text.EmojiCompatInitializer"
85-->[androidx.emoji2:emoji2:1.3.0] AndroidManifest.xml:30:17-75
86                android:value="androidx.startup" />
86-->[androidx.emoji2:emoji2:1.3.0] AndroidManifest.xml:31:17-49
87            <meta-data
87-->[androidx.lifecycle:lifecycle-process:2.8.7] AndroidManifest.xml:29:13-31:52
88                android:name="androidx.lifecycle.ProcessLifecycleInitializer"
88-->[androidx.lifecycle:lifecycle-process:2.8.7] AndroidManifest.xml:30:17-78
89                android:value="androidx.startup" />
89-->[androidx.lifecycle:lifecycle-process:2.8.7] AndroidManifest.xml:31:17-49
90            <meta-data
90-->[androidx.profileinstaller:profileinstaller:1.4.0] AndroidManifest.xml:29:13-31:52
91                android:name="androidx.profileinstaller.ProfileInstallerInitializer"
91-->[androidx.profileinstaller:profileinstaller:1.4.0] AndroidManifest.xml:30:17-85
92                android:value="androidx.startup" />
92-->[androidx.profileinstaller:profileinstaller:1.4.0] AndroidManifest.xml:31:17-49
93        </provider>
94
95        <receiver
95-->[androidx.profileinstaller:profileinstaller:1.4.0] AndroidManifest.xml:34:9-52:20
96            android:name="androidx.profileinstaller.ProfileInstallReceiver"
96-->[androidx.profileinstaller:profileinstaller:1.4.0] AndroidManifest.xml:35:13-76
97            android:directBootAware="false"
97-->[androidx.profileinstaller:profileinstaller:1.4.0] AndroidManifest.xml:36:13-44
98            android:enabled="true"
98-->[androidx.profileinstaller:profileinstaller:1.4.0] AndroidManifest.xml:37:13-35
99            android:exported="true"
99-->[androidx.profileinstaller:profileinstaller:1.4.0] AndroidManifest.xml:38:13-36
100            android:permission="android.permission.DUMP" >
100-->[androidx.profileinstaller:profileinstaller:1.4.0] AndroidManifest.xml:39:13-57
101            <intent-filter>
101-->[androidx.profileinstaller:profileinstaller:1.4.0] AndroidManifest.xml:40:13-42:29
102                <action android:name="androidx.profileinstaller.action.INSTALL_PROFILE" />
102-->[androidx.profileinstaller:profileinstaller:1.4.0] AndroidManifest.xml:41:17-91
102-->[androidx.profileinstaller:profileinstaller:1.4.0] AndroidManifest.xml:41:25-88
103            </intent-filter>
104            <intent-filter>
104-->[androidx.profileinstaller:profileinstaller:1.4.0] AndroidManifest.xml:43:13-45:29
105                <action android:name="androidx.profileinstaller.action.SKIP_FILE" />
105-->[androidx.profileinstaller:profileinstaller:1.4.0] AndroidManifest.xml:44:17-85
105-->[androidx.profileinstaller:profileinstaller:1.4.0] AndroidManifest.xml:44:25-82
106            </intent-filter>
107            <intent-filter>
107-->[androidx.profileinstaller:profileinstaller:1.4.0] AndroidManifest.xml:46:13-48:29
108                <action android:name="androidx.profileinstaller.action.SAVE_PROFILE" />
108-->[androidx.profileinstaller:profileinstaller:1.4.0] AndroidManifest.xml:47:17-88
108-->[androidx.profileinstaller:profileinstaller:1.4.0] AndroidManifest.xml:47:25-85
109            </intent-filter>
110            <intent-filter>
110-->[androidx.profileinstaller:profileinstaller:1.4.0] AndroidManifest.xml:49:13-51:29
111                <action android:name="androidx.profileinstaller.action.BENCHMARK_OPERATION" />
111-->[androidx.profileinstaller:profileinstaller:1.4.0] AndroidManifest.xml:50:17-95
111-->[androidx.profileinstaller:profileinstaller:1.4.0] AndroidManifest.xml:50:25-92
112            </intent-filter>
113        </receiver>
114
115        <service
115-->[com.google.android.datatransport:transport-backend-cct:2.3.3] AndroidManifest.xml:29:9-35:19
116            android:name="com.google.android.datatransport.runtime.backends.TransportBackendDiscovery"
116-->[com.google.android.datatransport:transport-backend-cct:2.3.3] AndroidManifest.xml:30:13-103
117            android:exported="false" >
117-->[com.google.android.datatransport:transport-backend-cct:2.3.3] AndroidManifest.xml:31:13-37
118            <meta-data
118-->[com.google.android.datatransport:transport-backend-cct:2.3.3] AndroidManifest.xml:32:13-34:39
119                android:name="backend:com.google.android.datatransport.cct.CctBackendFactory"
119-->[com.google.android.datatransport:transport-backend-cct:2.3.3] AndroidManifest.xml:33:17-94
120                android:value="cct" />
120-->[com.google.android.datatransport:transport-backend-cct:2.3.3] AndroidManifest.xml:34:17-36
121        </service>
122        <service
122-->[com.google.android.datatransport:transport-runtime:2.2.6] AndroidManifest.xml:26:9-30:19
123            android:name="com.google.android.datatransport.runtime.scheduling.jobscheduling.JobInfoSchedulerService"
123-->[com.google.android.datatransport:transport-runtime:2.2.6] AndroidManifest.xml:27:13-117
124            android:exported="false"
124-->[com.google.android.datatransport:transport-runtime:2.2.6] AndroidManifest.xml:28:13-37
125            android:permission="android.permission.BIND_JOB_SERVICE" >
125-->[com.google.android.datatransport:transport-runtime:2.2.6] AndroidManifest.xml:29:13-69
126        </service>
127
128        <receiver
128-->[com.google.android.datatransport:transport-runtime:2.2.6] AndroidManifest.xml:32:9-34:40
129            android:name="com.google.android.datatransport.runtime.scheduling.jobscheduling.AlarmManagerSchedulerBroadcastReceiver"
129-->[com.google.android.datatransport:transport-runtime:2.2.6] AndroidManifest.xml:33:13-132
130            android:exported="false" />
130-->[com.google.android.datatransport:transport-runtime:2.2.6] AndroidManifest.xml:34:13-37
131    </application>
132
133</manifest>